C:\Users\samby\project-website-full-stack\WebAPI\WebAPI\project-website\dist\out-tsc\e2e\src\app.po.js
C:\Users\samby\project-website-full-stack\WebAPI\WebAPI\project-website\dist\out-tsc\e2e\src\app.po.js.map
C:\Users\samby\project-website-full-stack\WebAPI\WebAPI\project-website\dist\out-tsc\e2e\src\app.e2e-spec.js
C:\Users\samby\project-website-full-stack\WebAPI\WebAPI\project-website\dist\out-tsc\e2e\src\app.e2e-spec.js.map
C:\Users\samby\project-website-full-stack\WebAPI\WebAPI\project-website\dist\out-tsc\src\app\Models\Patient.js
C:\Users\samby\project-website-full-stack\WebAPI\WebAPI\project-website\dist\out-tsc\src\app\Models\Patient.js.map
C:\Users\samby\project-website-full-stack\WebAPI\WebAPI\project-website\dist\out-tsc\src\app\Models\PatientResponse.js
C:\Users\samby\project-website-full-stack\WebAPI\WebAPI\project-website\dist\out-tsc\src\app\Models\PatientResponse.js.map
C:\Users\samby\project-website-full-stack\WebAPI\WebAPI\project-website\dist\out-tsc\src\app\app.service.js
C:\Users\samby\project-website-full-stack\WebAPI\WebAPI\project-website\dist\out-tsc\src\app\app.service.js.map
C:\Users\samby\project-website-full-stack\WebAPI\WebAPI\project-website\dist\out-tsc\src\app\Components\app.component.js
C:\Users\samby\project-website-full-stack\WebAPI\WebAPI\project-website\dist\out-tsc\src\app\Components\app.component.js.map
C:\Users\samby\project-website-full-stack\WebAPI\WebAPI\project-website\dist\out-tsc\src\app\Models\HRADialogData.js
C:\Users\samby\project-website-full-stack\WebAPI\WebAPI\project-website\dist\out-tsc\src\app\Models\HRADialogData.js.map
C:\Users\samby\project-website-full-stack\WebAPI\WebAPI\project-website\dist\out-tsc\src\app\Dialogs\HRADiag.component.js
C:\Users\samby\project-website-full-stack\WebAPI\WebAPI\project-website\dist\out-tsc\src\app\Dialogs\HRADiag.component.js.map
C:\Users\samby\project-website-full-stack\WebAPI\WebAPI\project-website\dist\out-tsc\src\app\Components\HRA.component.js
C:\Users\samby\project-website-full-stack\WebAPI\WebAPI\project-website\dist\out-tsc\src\app\Components\HRA.component.js.map
C:\Users\samby\project-website-full-stack\WebAPI\WebAPI\project-website\dist\out-tsc\src\app\Models\EditDialogData.js
C:\Users\samby\project-website-full-stack\WebAPI\WebAPI\project-website\dist\out-tsc\src\app\Models\EditDialogData.js.map
C:\Users\samby\project-website-full-stack\WebAPI\WebAPI\project-website\dist\out-tsc\src\app\Dialogs\EditDiag.component.js
C:\Users\samby\project-website-full-stack\WebAPI\WebAPI\project-website\dist\out-tsc\src\app\Dialogs\EditDiag.component.js.map
C:\Users\samby\project-website-full-stack\WebAPI\WebAPI\project-website\dist\out-tsc\src\app\Models\DeleteDialogData.js
C:\Users\samby\project-website-full-stack\WebAPI\WebAPI\project-website\dist\out-tsc\src\app\Models\DeleteDialogData.js.map
C:\Users\samby\project-website-full-stack\WebAPI\WebAPI\project-website\dist\out-tsc\src\app\Dialogs\DeleteDiag.component.js
C:\Users\samby\project-website-full-stack\WebAPI\WebAPI\project-website\dist\out-tsc\src\app\Dialogs\DeleteDiag.component.js.map
C:\Users\samby\project-website-full-stack\WebAPI\WebAPI\project-website\dist\out-tsc\src\app\Components\results.component.js
C:\Users\samby\project-website-full-stack\WebAPI\WebAPI\project-website\dist\out-tsc\src\app\Components\results.component.js.map
C:\Users\samby\project-website-full-stack\WebAPI\WebAPI\project-website\dist\out-tsc\src\app\Components\about.component.js
C:\Users\samby\project-website-full-stack\WebAPI\WebAPI\project-website\dist\out-tsc\src\app\Components\about.component.js.map
C:\Users\samby\project-website-full-stack\WebAPI\WebAPI\project-website\dist\out-tsc\src\app\Components\user.component.js
C:\Users\samby\project-website-full-stack\WebAPI\WebAPI\project-website\dist\out-tsc\src\app\Components\user.component.js.map
C:\Users\samby\project-website-full-stack\WebAPI\WebAPI\project-website\dist\out-tsc\src\app\Components\home.component.js
C:\Users\samby\project-website-full-stack\WebAPI\WebAPI\project-website\dist\out-tsc\src\app\Components\home.component.js.map
C:\Users\samby\project-website-full-stack\WebAPI\WebAPI\project-website\dist\out-tsc\src\app\Components\registration.component.js
C:\Users\samby\project-website-full-stack\WebAPI\WebAPI\project-website\dist\out-tsc\src\app\Components\registration.component.js.map
C:\Users\samby\project-website-full-stack\WebAPI\WebAPI\project-website\dist\out-tsc\src\app\Components\login.component.js
C:\Users\samby\project-website-full-stack\WebAPI\WebAPI\project-website\dist\out-tsc\src\app\Components\login.component.js.map
C:\Users\samby\project-website-full-stack\WebAPI\WebAPI\project-website\dist\out-tsc\src\app\Components\pageNotFound.component.js
C:\Users\samby\project-website-full-stack\WebAPI\WebAPI\project-website\dist\out-tsc\src\app\Components\pageNotFound.component.js.map
C:\Users\samby\project-website-full-stack\WebAPI\WebAPI\project-website\dist\out-tsc\src\app\Routing\auth.guard.js
C:\Users\samby\project-website-full-stack\WebAPI\WebAPI\project-website\dist\out-tsc\src\app\Routing\auth.guard.js.map
C:\Users\samby\project-website-full-stack\WebAPI\WebAPI\project-website\dist\out-tsc\src\app\Routing\app-routing.module.js
C:\Users\samby\project-website-full-stack\WebAPI\WebAPI\project-website\dist\out-tsc\src\app\Routing\app-routing.module.js.map
C:\Users\samby\project-website-full-stack\WebAPI\WebAPI\project-website\dist\out-tsc\src\app\Routing\auth.interceptor.js
C:\Users\samby\project-website-full-stack\WebAPI\WebAPI\project-website\dist\out-tsc\src\app\Routing\auth.interceptor.js.map
C:\Users\samby\project-website-full-stack\WebAPI\WebAPI\project-website\dist\out-tsc\src\app\app.module.js
C:\Users\samby\project-website-full-stack\WebAPI\WebAPI\project-website\dist\out-tsc\src\app\app.module.js.map
C:\Users\samby\project-website-full-stack\WebAPI\WebAPI\project-website\dist\out-tsc\src\environments\environment.js
C:\Users\samby\project-website-full-stack\WebAPI\WebAPI\project-website\dist\out-tsc\src\environments\environment.js.map
C:\Users\samby\project-website-full-stack\WebAPI\WebAPI\project-website\dist\out-tsc\src\main.js
C:\Users\samby\project-website-full-stack\WebAPI\WebAPI\project-website\dist\out-tsc\src\main.js.map
C:\Users\samby\project-website-full-stack\WebAPI\WebAPI\project-website\dist\out-tsc\src\polyfills.js
C:\Users\samby\project-website-full-stack\WebAPI\WebAPI\project-website\dist\out-tsc\src\polyfills.js.map
C:\Users\samby\project-website-full-stack\WebAPI\WebAPI\project-website\dist\out-tsc\src\test.js
C:\Users\samby\project-website-full-stack\WebAPI\WebAPI\project-website\dist\out-tsc\src\test.js.map
C:\Users\samby\project-website-full-stack\WebAPI\WebAPI\project-website\dist\out-tsc\src\app\app.component.spec.js
C:\Users\samby\project-website-full-stack\WebAPI\WebAPI\project-website\dist\out-tsc\src\app\app.component.spec.js.map
C:\Users\samby\project-website-full-stack\WebAPI\WebAPI\project-website\dist\out-tsc\src\app\app.service.spec.js
C:\Users\samby\project-website-full-stack\WebAPI\WebAPI\project-website\dist\out-tsc\src\app\app.service.spec.js.map
C:\Users\samby\project-website-full-stack\WebAPI\WebAPI\project-website\dist\out-tsc\src\environments\environment.prod.js
C:\Users\samby\project-website-full-stack\WebAPI\WebAPI\project-website\dist\out-tsc\src\environments\environment.prod.js.map
